{"level":"error","message":"Error: No key set vapidDetails.publicKey","stack":"at /opt/lampp/htdocs/study-buddy/server/src/middleware/catchErrors.js:6:3","timestamp":"2024-06-20T03:44:58.820Z"}
{"level":"error","message":"Error: No key set vapidDetails.publicKey","stack":"at /opt/lampp/htdocs/study-buddy/server/src/middleware/catchErrors.js:6:3","timestamp":"2024-06-20T03:44:58.830Z"}
{"level":"error","message":"Error: Email template not found","stack":"at sendEmail (/opt/lampp/htdocs/study-buddy/server/src/services/auth.js:55:9)","timestamp":"2024-06-20T04:18:27.696Z"}
{"level":"error","message":"TypeError: Cannot read properties of null (reading 'emailSignature')","stack":"at sendEmail (/opt/lampp/htdocs/study-buddy/server/src/services/auth.js:55:9)","timestamp":"2024-06-20T04:24:31.321Z"}
{"level":"error","message":"TypeError: Cannot read properties of null (reading 'emailSignature')","stack":"at sendEmail (/opt/lampp/htdocs/study-buddy/server/src/services/auth.js:55:9)","timestamp":"2024-06-20T04:26:53.482Z"}
{"level":"error","message":"TypeError: Cannot read properties of null (reading 'emailSignature')","stack":"at sendEmail (/opt/lampp/htdocs/study-buddy/server/src/services/auth.js:56:9)","timestamp":"2024-06-20T04:29:30.313Z"}
{"level":"error","message":"TypeError: Cannot read properties of null (reading 'emailSignature')","stack":"at sendEmail (/opt/lampp/htdocs/study-buddy/server/src/services/auth.js:56:9)","timestamp":"2024-06-20T04:29:59.993Z"}
{"level":"error","message":"Error: Invalid login: 534-5.7.9 Application-specific password required. For more information, go to\n534 5.7.9  https://support.google.com/mail/?p=InvalidSecondFactor d9443c01a7336-1f855e5b0dfsm126406625ad.29 - gsmtp","stack":"at sendEmail (/opt/lampp/htdocs/study-buddy/server/src/services/auth.js:56:9)","timestamp":"2024-06-20T04:30:57.178Z"}
{"level":"error","message":"CastError: Cast to ObjectId failed for value \"undefined\" (type string) at path \"userId\" for model \"userActivity\"","stack":"at getUserActivities (/opt/lampp/htdocs/study-buddy/server/src/controllers/common/userController.js:127:4)","timestamp":"2024-06-20T09:54:07.512Z"}
{"level":"error","message":"CastError: Cast to ObjectId failed for value \"undefined\" (type string) at path \"userId\" for model \"userActivity\"","stack":"at getUserActivities (/opt/lampp/htdocs/study-buddy/server/src/controllers/common/userController.js:127:4)","timestamp":"2024-06-20T09:54:07.584Z"}
{"level":"error","message":"CastError: Cast to ObjectId failed for value \"undefined\" (type string) at path \"userId\" for model \"userActivity\"","stack":"at getUserActivities (/opt/lampp/htdocs/study-buddy/server/src/controllers/common/userController.js:127:4)","timestamp":"2024-06-20T10:19:48.664Z"}
{"level":"error","message":"CastError: Cast to ObjectId failed for value \"undefined\" (type string) at path \"userId\" for model \"userActivity\"","stack":"at getUserActivities (/opt/lampp/htdocs/study-buddy/server/src/controllers/common/userController.js:127:4)","timestamp":"2024-06-20T10:19:48.802Z"}
{"level":"error","message":"CastError: Cast to ObjectId failed for value \"undefined\" (type string) at path \"userId\" for model \"userActivity\"","stack":"at getUserActivities (/opt/lampp/htdocs/study-buddy/server/src/controllers/common/userController.js:127:4)","timestamp":"2024-06-20T10:22:44.706Z"}
{"level":"error","message":"CastError: Cast to ObjectId failed for value \"undefined\" (type string) at path \"userId\" for model \"userActivity\"","stack":"at getUserActivities (/opt/lampp/htdocs/study-buddy/server/src/controllers/common/userController.js:127:4)","timestamp":"2024-06-20T10:22:44.749Z"}
{"level":"error","message":"CastError: Cast to ObjectId failed for value \"undefined\" (type string) at path \"userId\" for model \"userActivity\"","stack":"at getUserActivities (/opt/lampp/htdocs/study-buddy/server/src/controllers/common/userController.js:127:4)","timestamp":"2024-06-20T10:31:18.212Z"}
{"level":"error","message":"CastError: Cast to ObjectId failed for value \"undefined\" (type string) at path \"userId\" for model \"userActivity\"","stack":"at getUserActivities (/opt/lampp/htdocs/study-buddy/server/src/controllers/common/userController.js:127:4)","timestamp":"2024-06-20T10:31:18.310Z"}
{"level":"error","message":"CastError: Cast to ObjectId failed for value \"undefined\" (type string) at path \"userId\" for model \"userActivity\"","stack":"at getUserActivities (/opt/lampp/htdocs/study-buddy/server/src/controllers/common/userController.js:127:4)","timestamp":"2024-06-20T10:35:04.136Z"}
{"level":"error","message":"CastError: Cast to ObjectId failed for value \"undefined\" (type string) at path \"userId\" for model \"userActivity\"","stack":"at getUserActivities (/opt/lampp/htdocs/study-buddy/server/src/controllers/common/userController.js:127:4)","timestamp":"2024-06-20T10:35:04.253Z"}
{"level":"error","message":"CastError: Cast to ObjectId failed for value \"undefined\" (type string) at path \"userId\" for model \"userActivity\"","stack":"at getUserActivities (/opt/lampp/htdocs/study-buddy/server/src/controllers/common/userController.js:127:4)","timestamp":"2024-06-20T10:43:27.509Z"}
{"level":"error","message":"CastError: Cast to ObjectId failed for value \"undefined\" (type string) at path \"userId\" for model \"userActivity\"","stack":"at getUserActivities (/opt/lampp/htdocs/study-buddy/server/src/controllers/common/userController.js:127:4)","timestamp":"2024-06-20T10:43:27.647Z"}
{"level":"error","message":"CastError: Cast to ObjectId failed for value \"undefined\" (type string) at path \"userId\" for model \"userActivity\"","stack":"at getUserActivities (/opt/lampp/htdocs/study-buddy/server/src/controllers/common/userController.js:127:4)","timestamp":"2024-06-20T10:44:07.301Z"}
{"level":"error","message":"CastError: Cast to ObjectId failed for value \"undefined\" (type string) at path \"userId\" for model \"userActivity\"","stack":"at getUserActivities (/opt/lampp/htdocs/study-buddy/server/src/controllers/common/userController.js:127:4)","timestamp":"2024-06-20T10:44:07.358Z"}
