{"level":"error","message":"MissingSchemaError: Schema hasn't been registered for model \"productSubcategory\".\nUse mongoose.model(name, schema)","stack":"at getAllProducts (/opt/lampp/htdocs/study-buddy/server/src/controllers/common/productController.js:35:4)","timestamp":"2024-07-23T05:35:49.832Z"}
{"level":"error","message":"CastError: Cast to ObjectId failed for value \"{\n  key: '669f412023eaffbacf263575',\n  keyPath: [ '669f412023eaffbacf263575' ],\n  domEvent: '[object Object]'\n}\" (type Object) at path \"subCategoryId\" for model \"products\"","stack":"at getAllProducts (/opt/lampp/htdocs/study-buddy/server/src/controllers/common/productController.js:35:4)","timestamp":"2024-07-23T05:48:01.105Z"}
{"level":"error","message":"TypeError [ERR_INVALID_ARG_TYPE]: The \"cb\" argument must be of type function. Received undefined","stack":"at deleteFolderPermanently (/opt/lampp/htdocs/study-buddy/server/src/controllers/common/fileManagerController.js:1142:4)","timestamp":"2024-07-23T07:16:38.812Z"}
{"level":"error","message":"TypeError [ERR_INVALID_ARG_TYPE]: The \"cb\" argument must be of type function. Received undefined","stack":"at deleteFolderPermanently (/opt/lampp/htdocs/study-buddy/server/src/controllers/common/fileManagerController.js:1143:4)","timestamp":"2024-07-23T07:19:28.539Z"}
{"level":"error","message":"TypeError [ERR_INVALID_ARG_TYPE]: The \"cb\" argument must be of type function. Received undefined","stack":"at deleteFolderPermanently (/opt/lampp/htdocs/study-buddy/server/src/controllers/common/fileManagerController.js:1142:4)","timestamp":"2024-07-23T07:31:11.418Z"}
{"level":"error","message":"TypeError [ERR_INVALID_ARG_TYPE]: The \"cb\" argument must be of type function. Received undefined","stack":"at deleteFolderPermanently (/opt/lampp/htdocs/study-buddy/server/src/controllers/common/fileManagerController.js:1142:4)","timestamp":"2024-07-23T08:20:39.878Z"}
{"level":"error","message":"TypeError: fs.existsSync is not a function","stack":"at createFolder (/opt/lampp/htdocs/study-buddy/server/src/controllers/common/fileManagerController.js:438:4)","timestamp":"2024-07-23T08:31:26.101Z"}
{"level":"error","message":"TypeError: fs.existsSync is not a function","stack":"at createFolder (/opt/lampp/htdocs/study-buddy/server/src/controllers/common/fileManagerController.js:438:4)","timestamp":"2024-07-23T08:31:38.837Z"}
{"level":"error","message":"TypeError [ERR_INVALID_ARG_TYPE]: The \"cb\" argument must be of type function. Received undefined","stack":"at deleteFolderPermanently (/opt/lampp/htdocs/study-buddy/server/src/controllers/common/fileManagerController.js:1119:4)","timestamp":"2024-07-23T08:32:34.637Z"}
{"level":"error","message":"TypeError [ERR_INVALID_ARG_TYPE]: The \"cb\" argument must be of type function. Received undefined","stack":"at deleteFolderPermanently (/opt/lampp/htdocs/study-buddy/server/src/controllers/common/fileManagerController.js:1150:4)","timestamp":"2024-07-23T08:36:25.218Z"}
{"level":"error","message":"Error: ENOENT: no such file or directory, scandir 'admin-2aac2a/sub folder 2'","stack":"at deleteFolderPermanently (/opt/lampp/htdocs/study-buddy/server/src/controllers/common/fileManagerController.js:1150:4)","timestamp":"2024-07-23T08:38:05.345Z"}
{"level":"error","message":"TypeError: fs.existsSync is not a function","stack":"at createFolder (/opt/lampp/htdocs/study-buddy/server/src/controllers/common/fileManagerController.js:472:4)","timestamp":"2024-07-23T08:48:30.211Z"}
{"level":"error","message":"Error: ENOENT: no such file or directory, access 'admin-2aac2a/sub folder 2'","stack":"at deleteFolderPermanently (/opt/lampp/htdocs/study-buddy/server/src/controllers/common/fileManagerController.js:1153:4)","timestamp":"2024-07-23T08:52:33.297Z"}
{"level":"error","message":"TypeError: fs.existsSync is not a function","stack":"at createFolder (/opt/lampp/htdocs/study-buddy/server/src/controllers/common/fileManagerController.js:476:4)","timestamp":"2024-07-23T08:55:51.194Z"}
{"level":"error","message":"Error: ENOENT: no such file or directory, access '/opt/lampp/htdocs/study-buddy/server/src/storage/fileManger/admin-2aac2a/sub folder 2'","stack":"Error: Error: ENOENT: no such file or directory, access '/opt/lampp/htdocs/study-buddy/server/src/storage/fileManger/admin-2aac2a/sub folder 2'","timestamp":"2024-07-23T08:56:41.305Z"}
{"level":"error","message":"TypeError: fs.existsSync is not a function","stack":"at createFolder (/opt/lampp/htdocs/study-buddy/server/src/controllers/common/fileManagerController.js:458:4)","timestamp":"2024-07-23T08:58:42.504Z"}
{"level":"error","message":"ReferenceError: unlinkAsync is not defined","stack":"at deleteFolderPermanently (/opt/lampp/htdocs/study-buddy/server/src/controllers/common/fileManagerController.js:1139:4)","timestamp":"2024-07-23T08:59:30.731Z"}
{"level":"error","message":"TypeError: fs.existsSync is not a function","stack":"at createFolder (/opt/lampp/htdocs/study-buddy/server/src/controllers/common/fileManagerController.js:460:4)","timestamp":"2024-07-23T09:00:37.384Z"}
{"level":"error","message":"TypeError: Cannot read properties of null (reading 'folderPath')","stack":"at deleteFolderPermanently (/opt/lampp/htdocs/study-buddy/server/src/controllers/common/fileManagerController.js:1121:4)","timestamp":"2024-07-23T12:39:22.134Z"}
{"level":"error","message":"TypeError: Cannot read properties of null (reading 'folderPath')","stack":"at deleteFolderPermanently (/opt/lampp/htdocs/study-buddy/server/src/controllers/common/fileManagerController.js:1125:4)","timestamp":"2024-07-23T12:42:11.630Z"}
{"level":"error","message":"ReferenceError: unlink is not defined","stack":"at deleteFolderPermanently (/opt/lampp/htdocs/study-buddy/server/src/controllers/common/fileManagerController.js:1131:4)","timestamp":"2024-07-23T12:45:55.073Z"}
{"level":"error","message":"Error: EISDIR: illegal operation on a directory, unlink '/opt/lampp/htdocs/study-buddy/server/src/storage/fileManager/admin-2aac2a/darpan documents'","stack":"Error: Error: EISDIR: illegal operation on a directory, unlink '/opt/lampp/htdocs/study-buddy/server/src/storage/fileManager/admin-2aac2a/darpan documents'","timestamp":"2024-07-23T12:47:11.196Z"}
